0 info it worked if it ends with ok
1 verbose cli [ 'C:\\Program Files\\nodejs\\node.exe',
1 verbose cli   'C:\\Program Files\\nodejs\\node_modules\\npm\\bin\\npm-cli.js',
1 verbose cli   'uninstall',
1 verbose cli   'grunt-browser-sync',
1 verbose cli   '--save-dev' ]
2 info using npm@3.8.3
3 info using node@v5.10.1
4 silly loadCurrentTree Starting
5 silly install loadCurrentTree
6 silly install readLocalPackageData
7 silly install normalizeTree
8 silly loadCurrentTree Finishing
9 silly loadIdealTree Starting
10 silly install loadIdealTree
11 silly cloneCurrentTree Starting
12 silly install cloneCurrentTreeToIdealTree
13 silly cloneCurrentTree Finishing
14 silly loadShrinkwrap Starting
15 silly install loadShrinkwrap
16 silly loadShrinkwrap Finishing
17 silly loadAllDepsIntoIdealTree Starting
18 silly uninstall loadAllDepsIntoIdealtree
19 silly loadAllDepsIntoIdealTree Finishing
20 silly idealTree:prePrune showersite@1.0.0
20 silly idealTree:prePrune +-- abbrev@1.0.9
20 silly idealTree:prePrune +-- accepts@1.2.13
20 silly idealTree:prePrune +-- acorn-globals@1.0.9
20 silly idealTree:prePrune +-- acorn@2.7.0
20 silly idealTree:prePrune +-- after@0.8.1
20 silly idealTree:prePrune +-- align-text@0.1.4
20 silly idealTree:prePrune +-- amdefine@1.0.0
20 silly idealTree:prePrune +-- ansi-regex@2.0.0
20 silly idealTree:prePrune +-- ansi-styles@2.2.1
20 silly idealTree:prePrune +-- anymatch@1.3.0
20 silly idealTree:prePrune +-- argparse@1.0.7
20 silly idealTree:prePrune +-- arr-diff@2.0.0
20 silly idealTree:prePrune +-- arr-flatten@1.0.1
20 silly idealTree:prePrune +-- array-find-index@1.0.1
20 silly idealTree:prePrune +-- array-unique@0.2.1
20 silly idealTree:prePrune +-- arraybuffer.slice@0.0.6
20 silly idealTree:prePrune +-- arrify@1.0.1
20 silly idealTree:prePrune +-- asap@1.0.0
20 silly idealTree:prePrune +-- asn1@0.1.11
20 silly idealTree:prePrune +-- assert-plus@0.1.5
20 silly idealTree:prePrune +-- async-each-series@0.1.1
20 silly idealTree:prePrune +-- async-each@1.0.0
20 silly idealTree:prePrune +-- async@1.5.2
20 silly idealTree:prePrune +-- aws-sign2@0.6.0
20 silly idealTree:prePrune +-- backo2@1.0.2
20 silly idealTree:prePrune +-- balanced-match@0.4.1
20 silly idealTree:prePrune +-- base64-arraybuffer@0.1.2
20 silly idealTree:prePrune +-- base64id@0.1.0
20 silly idealTree:prePrune +-- batch@0.5.3
20 silly idealTree:prePrune +-- benchmark@1.0.0
20 silly idealTree:prePrune +-- better-assert@1.0.2
20 silly idealTree:prePrune +-- binary-extensions@1.5.0
20 silly idealTree:prePrune +-- bl@1.0.3
20 silly idealTree:prePrune | `-- readable-stream@2.0.6
20 silly idealTree:prePrune +-- blob@0.0.4
20 silly idealTree:prePrune +-- body-parser@1.14.2
20 silly idealTree:prePrune | `-- qs@5.2.0
20 silly idealTree:prePrune +-- boom@2.10.1
20 silly idealTree:prePrune +-- brace-expansion@1.1.5
20 silly idealTree:prePrune +-- braces@1.8.5
20 silly idealTree:prePrune +-- browser-sync-client@2.4.2
20 silly idealTree:prePrune +-- browser-sync-ui@0.6.0
20 silly idealTree:prePrune +-- browser-sync@2.13.0
20 silly idealTree:prePrune | +-- camelcase@3.0.0
20 silly idealTree:prePrune | +-- cliui@3.2.0
20 silly idealTree:prePrune | +-- qs@6.2.0
20 silly idealTree:prePrune | +-- window-size@0.2.0
20 silly idealTree:prePrune | `-- yargs@4.7.1
20 silly idealTree:prePrune +-- bs-recipes@1.2.2
20 silly idealTree:prePrune +-- buffer-shims@1.0.0
20 silly idealTree:prePrune +-- builtin-modules@1.1.1
20 silly idealTree:prePrune +-- bytes@2.2.0
20 silly idealTree:prePrune +-- callsite@1.0.0
20 silly idealTree:prePrune +-- camelcase-keys@2.1.0
20 silly idealTree:prePrune +-- camelcase@2.1.1
20 silly idealTree:prePrune +-- caseless@0.11.0
20 silly idealTree:prePrune +-- center-align@0.1.3
20 silly idealTree:prePrune +-- chalk@1.1.3
20 silly idealTree:prePrune +-- character-parser@1.2.1
20 silly idealTree:prePrune +-- chokidar@1.5.1
20 silly idealTree:prePrune +-- clean-css@3.4.18
20 silly idealTree:prePrune | `-- commander@2.8.1
20 silly idealTree:prePrune +-- cliui@2.1.0
20 silly idealTree:prePrune | `-- wordwrap@0.0.2
20 silly idealTree:prePrune +-- code-point-at@1.0.0
20 silly idealTree:prePrune +-- coffee-script@1.10.0
20 silly idealTree:prePrune +-- colors@1.1.2
20 silly idealTree:prePrune +-- combined-stream@1.0.5
20 silly idealTree:prePrune +-- commander@2.6.0
20 silly idealTree:prePrune +-- component-bind@1.0.0
20 silly idealTree:prePrune +-- component-emitter@1.1.2
20 silly idealTree:prePrune +-- component-inherit@0.0.3
20 silly idealTree:prePrune +-- concat-map@0.0.1
20 silly idealTree:prePrune +-- connect-history-api-fallback@1.2.0
20 silly idealTree:prePrune +-- connect@3.4.1
20 silly idealTree:prePrune +-- constantinople@3.0.2
20 silly idealTree:prePrune +-- content-type@1.0.2
20 silly idealTree:prePrune +-- core-util-is@1.0.2
20 silly idealTree:prePrune +-- cross-spawn@0.2.9
20 silly idealTree:prePrune +-- cryptiles@2.0.5
20 silly idealTree:prePrune +-- css-parse@1.0.4
20 silly idealTree:prePrune +-- css-stringify@1.0.5
20 silly idealTree:prePrune +-- css@1.0.8
20 silly idealTree:prePrune +-- ctype@0.5.3
20 silly idealTree:prePrune +-- currently-unhandled@0.4.1
20 silly idealTree:prePrune +-- dargs@4.1.0
20 silly idealTree:prePrune +-- dateformat@1.0.12
20 silly idealTree:prePrune +-- debug@2.2.0
20 silly idealTree:prePrune +-- decamelize@1.2.0
20 silly idealTree:prePrune +-- delayed-stream@1.0.0
20 silly idealTree:prePrune +-- depd@1.1.0
20 silly idealTree:prePrune +-- destroy@1.0.4
20 silly idealTree:prePrune +-- dev-ip@1.0.1
20 silly idealTree:prePrune +-- doctypes@1.0.0
20 silly idealTree:prePrune +-- easy-extender@2.3.2
20 silly idealTree:prePrune +-- eazy-logger@3.0.2
20 silly idealTree:prePrune +-- ee-first@1.1.1
20 silly idealTree:prePrune +-- emitter-steward@1.0.0
20 silly idealTree:prePrune +-- engine.io-client@1.6.9
20 silly idealTree:prePrune +-- engine.io-parser@1.2.4
20 silly idealTree:prePrune | +-- has-binary@0.1.6
20 silly idealTree:prePrune | `-- isarray@0.0.1
20 silly idealTree:prePrune +-- engine.io@1.6.9
20 silly idealTree:prePrune | +-- accepts@1.1.4
20 silly idealTree:prePrune | +-- mime-db@1.12.0
20 silly idealTree:prePrune | +-- mime-types@2.0.14
20 silly idealTree:prePrune | `-- negotiator@0.4.9
20 silly idealTree:prePrune +-- error-ex@1.3.0
20 silly idealTree:prePrune +-- escape-html@1.0.3
20 silly idealTree:prePrune +-- escape-string-regexp@1.0.5
20 silly idealTree:prePrune +-- esprima@2.7.2
20 silly idealTree:prePrune +-- etag@1.7.0
20 silly idealTree:prePrune +-- eventemitter2@0.4.14
20 silly idealTree:prePrune +-- eventemitter3@1.2.0
20 silly idealTree:prePrune +-- exit@0.1.2
20 silly idealTree:prePrune +-- expand-brackets@0.1.5
20 silly idealTree:prePrune +-- expand-range@1.8.2
20 silly idealTree:prePrune +-- express@2.5.11
20 silly idealTree:prePrune | +-- connect@1.9.2
20 silly idealTree:prePrune | +-- mkdirp@0.3.0
20 silly idealTree:prePrune | `-- qs@0.4.2
20 silly idealTree:prePrune +-- extend@3.0.0
20 silly idealTree:prePrune +-- extglob@0.3.2
20 silly idealTree:prePrune +-- faye-websocket@0.10.0
20 silly idealTree:prePrune +-- filename-regex@2.0.0
20 silly idealTree:prePrune +-- fill-range@2.2.3
20 silly idealTree:prePrune +-- finalhandler@0.4.1
20 silly idealTree:prePrune +-- find-up@1.1.2
20 silly idealTree:prePrune +-- findup-sync@0.3.0
20 silly idealTree:prePrune | `-- glob@5.0.15
20 silly idealTree:prePrune +-- for-in@0.1.5
20 silly idealTree:prePrune +-- for-own@0.1.4
20 silly idealTree:prePrune +-- forever-agent@0.6.1
20 silly idealTree:prePrune +-- form-data@1.0.0-rc4
20 silly idealTree:prePrune +-- formidable@1.0.17
20 silly idealTree:prePrune +-- fresh@0.3.0
20 silly idealTree:prePrune +-- fs-extra@0.26.7
20 silly idealTree:prePrune +-- fs.realpath@1.0.0
20 silly idealTree:prePrune +-- gaze@1.1.0
20 silly idealTree:prePrune +-- generate-function@2.0.0
20 silly idealTree:prePrune +-- generate-object-property@1.2.0
20 silly idealTree:prePrune +-- get-stdin@4.0.1
20 silly idealTree:prePrune +-- getobject@0.1.0
20 silly idealTree:prePrune +-- glob-base@0.3.0
20 silly idealTree:prePrune +-- glob-parent@2.0.0
20 silly idealTree:prePrune +-- glob@7.0.5
20 silly idealTree:prePrune +-- globule@1.0.0
20 silly idealTree:prePrune | `-- lodash@4.9.0
20 silly idealTree:prePrune +-- graceful-fs@4.1.4
20 silly idealTree:prePrune +-- graceful-readlink@1.0.1
20 silly idealTree:prePrune +-- grunt-contrib-jade@1.0.0
20 silly idealTree:prePrune +-- grunt-contrib-pug@1.0.0
20 silly idealTree:prePrune +-- grunt-contrib-sass@1.0.0
20 silly idealTree:prePrune | `-- async@0.9.2
20 silly idealTree:prePrune +-- grunt-contrib-watch@1.0.0
20 silly idealTree:prePrune +-- grunt-known-options@1.1.0
20 silly idealTree:prePrune +-- grunt-legacy-log-utils@1.0.0
20 silly idealTree:prePrune | `-- lodash@4.3.0
20 silly idealTree:prePrune +-- grunt-legacy-log@1.0.0
20 silly idealTree:prePrune +-- grunt-legacy-util@1.0.0
20 silly idealTree:prePrune | `-- lodash@4.3.0
20 silly idealTree:prePrune +-- grunt@1.0.1
20 silly idealTree:prePrune | `-- grunt-cli@1.2.0
20 silly idealTree:prePrune +-- har-validator@2.0.6
20 silly idealTree:prePrune | `-- commander@2.9.0
20 silly idealTree:prePrune +-- has-ansi@2.0.0
20 silly idealTree:prePrune +-- has-binary@0.1.7
20 silly idealTree:prePrune | `-- isarray@0.0.1
20 silly idealTree:prePrune +-- has-cors@1.1.0
20 silly idealTree:prePrune +-- hawk@3.1.3
20 silly idealTree:prePrune +-- hoek@2.16.3
20 silly idealTree:prePrune +-- hooker@0.2.3
20 silly idealTree:prePrune +-- hosted-git-info@2.1.5
20 silly idealTree:prePrune +-- http-errors@1.3.1
20 silly idealTree:prePrune +-- http-proxy@1.13.3
20 silly idealTree:prePrune +-- http-signature@0.11.0
20 silly idealTree:prePrune +-- iconv-lite@0.4.13
20 silly idealTree:prePrune +-- immutable@3.8.1
20 silly idealTree:prePrune +-- indent-string@2.1.0
20 silly idealTree:prePrune +-- indexof@0.0.1
20 silly idealTree:prePrune +-- inflight@1.0.5
20 silly idealTree:prePrune +-- inherits@2.0.1
20 silly idealTree:prePrune +-- invert-kv@1.0.0
20 silly idealTree:prePrune +-- is-arrayish@0.2.1
20 silly idealTree:prePrune +-- is-binary-path@1.0.1
20 silly idealTree:prePrune +-- is-buffer@1.1.3
20 silly idealTree:prePrune +-- is-builtin-module@1.0.0
20 silly idealTree:prePrune +-- is-dotfile@1.0.2
20 silly idealTree:prePrune +-- is-equal-shallow@0.1.3
20 silly idealTree:prePrune +-- is-expression@2.0.1
20 silly idealTree:prePrune | `-- acorn@3.1.0
20 silly idealTree:prePrune +-- is-extendable@0.1.1
20 silly idealTree:prePrune +-- is-extglob@1.0.0
20 silly idealTree:prePrune +-- is-finite@1.0.1
20 silly idealTree:prePrune +-- is-fullwidth-code-point@1.0.0
20 silly idealTree:prePrune +-- is-glob@2.0.1
20 silly idealTree:prePrune +-- is-my-json-valid@2.13.1
20 silly idealTree:prePrune +-- is-number@2.1.0
20 silly idealTree:prePrune +-- is-posix-bracket@0.1.1
20 silly idealTree:prePrune +-- is-primitive@2.0.0
20 silly idealTree:prePrune +-- is-promise@2.1.0
20 silly idealTree:prePrune +-- is-property@1.0.2
20 silly idealTree:prePrune +-- is-regex@1.0.3
20 silly idealTree:prePrune +-- is-utf8@0.2.1
20 silly idealTree:prePrune +-- isarray@1.0.0
20 silly idealTree:prePrune +-- isexe@1.1.2
20 silly idealTree:prePrune +-- isobject@2.1.0
20 silly idealTree:prePrune +-- isstream@0.1.2
20 silly idealTree:prePrune +-- jade@1.11.0
20 silly idealTree:prePrune +-- js-stringify@1.0.2
20 silly idealTree:prePrune +-- js-yaml@3.5.5
20 silly idealTree:prePrune +-- json-stringify-safe@5.0.1
20 silly idealTree:prePrune +-- json3@3.2.6
20 silly idealTree:prePrune +-- jsonfile@2.3.1
20 silly idealTree:prePrune +-- jsonpointer@2.0.0
20 silly idealTree:prePrune +-- jstransformer@0.0.2
20 silly idealTree:prePrune +-- kind-of@3.0.3
20 silly idealTree:prePrune +-- klaw@1.3.0
20 silly idealTree:prePrune +-- lazy-cache@1.0.4
20 silly idealTree:prePrune +-- lcid@1.0.0
20 silly idealTree:prePrune +-- limiter@1.1.0
20 silly idealTree:prePrune +-- livereload-js@2.2.2
20 silly idealTree:prePrune +-- load-json-file@1.1.0
20 silly idealTree:prePrune +-- localtunnel@1.8.1
20 silly idealTree:prePrune | +-- camelcase@1.2.1
20 silly idealTree:prePrune | +-- cliui@3.2.0
20 silly idealTree:prePrune | +-- window-size@0.1.4
20 silly idealTree:prePrune | `-- yargs@3.29.0
20 silly idealTree:prePrune +-- lodash.assign@4.0.9
20 silly idealTree:prePrune +-- lodash.keys@4.0.7
20 silly idealTree:prePrune +-- lodash.rest@4.0.3
20 silly idealTree:prePrune +-- lodash@3.10.1
20 silly idealTree:prePrune +-- longest@1.0.1
20 silly idealTree:prePrune +-- loud-rejection@1.5.0
20 silly idealTree:prePrune +-- lru-cache
20 silly idealTree:prePrune +-- map-obj@1.0.1
20 silly idealTree:prePrune +-- media-typer@0.3.0
20 silly idealTree:prePrune +-- meow@3.7.0
20 silly idealTree:prePrune +-- micromatch@2.3.8
20 silly idealTree:prePrune +-- mime-db@1.23.0
20 silly idealTree:prePrune +-- mime-types@2.1.11
20 silly idealTree:prePrune +-- mime@1.2.4
20 silly idealTree:prePrune +-- minimatch@3.0.2
20 silly idealTree:prePrune +-- minimist@1.2.0
20 silly idealTree:prePrune +-- mkdirp@0.5.1
20 silly idealTree:prePrune | `-- minimist@0.0.8
20 silly idealTree:prePrune +-- ms@0.7.1
20 silly idealTree:prePrune +-- negotiator@0.5.3
20 silly idealTree:prePrune +-- node-uuid@1.4.7
20 silly idealTree:prePrune +-- nopt@3.0.6
20 silly idealTree:prePrune +-- normalize-package-data@2.3.5
20 silly idealTree:prePrune +-- normalize-path@2.0.1
20 silly idealTree:prePrune +-- number-is-nan@1.0.0
20 silly idealTree:prePrune +-- oauth-sign@0.8.2
20 silly idealTree:prePrune +-- object-assign@4.1.0
20 silly idealTree:prePrune +-- object-component@0.0.3
20 silly idealTree:prePrune +-- object-path@0.9.2
20 silly idealTree:prePrune +-- object.omit@2.0.0
20 silly idealTree:prePrune +-- on-finished@2.3.0
20 silly idealTree:prePrune +-- once@1.3.3
20 silly idealTree:prePrune +-- openurl@1.1.0
20 silly idealTree:prePrune +-- opn@3.0.3
20 silly idealTree:prePrune +-- optimist@0.3.7
20 silly idealTree:prePrune +-- options@0.0.6
20 silly idealTree:prePrune +-- os-locale@1.4.0
20 silly idealTree:prePrune +-- parse-glob@3.0.4
20 silly idealTree:prePrune +-- parse-json@2.2.0
20 silly idealTree:prePrune +-- parsejson@0.0.1
20 silly idealTree:prePrune +-- parseqs@0.0.2
20 silly idealTree:prePrune +-- parseuri@0.0.4
20 silly idealTree:prePrune +-- parseurl@1.3.1
20 silly idealTree:prePrune +-- path-exists@2.1.0
20 silly idealTree:prePrune +-- path-is-absolute@1.0.0
20 silly idealTree:prePrune +-- path-type@1.1.0
20 silly idealTree:prePrune +-- pify@2.3.0
20 silly idealTree:prePrune +-- pinkie-promise@2.0.1
20 silly idealTree:prePrune +-- pinkie@2.0.4
20 silly idealTree:prePrune +-- pkg-conf@1.1.3
20 silly idealTree:prePrune +-- portscanner@1.0.0
20 silly idealTree:prePrune | `-- async@0.1.15
20 silly idealTree:prePrune +-- preserve@0.2.0
20 silly idealTree:prePrune +-- process-nextick-args@1.0.7
20 silly idealTree:prePrune +-- promise@6.1.0
20 silly idealTree:prePrune +-- pug-attrs@2.0.1
20 silly idealTree:prePrune +-- pug-code-gen@0.0.7
20 silly idealTree:prePrune | +-- acorn-globals@3.0.0
20 silly idealTree:prePrune | +-- acorn@3.2.0
20 silly idealTree:prePrune | `-- with@5.1.1
20 silly idealTree:prePrune +-- pug-error@1.3.1
20 silly idealTree:prePrune +-- pug-filters@1.2.2
20 silly idealTree:prePrune | +-- asap@2.0.4
20 silly idealTree:prePrune | +-- jstransformer@1.0.0
20 silly idealTree:prePrune | `-- promise@7.1.1
20 silly idealTree:prePrune +-- pug-lexer@2.0.2
20 silly idealTree:prePrune | `-- character-parser@2.2.0
20 silly idealTree:prePrune +-- pug-linker@1.0.0
20 silly idealTree:prePrune +-- pug-load@2.0.0
20 silly idealTree:prePrune +-- pug-parser@2.0.1
20 silly idealTree:prePrune +-- pug-runtime@2.0.1
20 silly idealTree:prePrune +-- pug-strip-comments@0.0.1
20 silly idealTree:prePrune | `-- pug-error@0.0.0
20 silly idealTree:prePrune +-- pug-walk@0.0.3
20 silly idealTree:prePrune +-- pug@2.0.0-beta3
20 silly idealTree:prePrune +-- qs@5.1.0
20 silly idealTree:prePrune +-- randomatic@1.1.5
20 silly idealTree:prePrune +-- range-parser@1.0.3
20 silly idealTree:prePrune +-- raw-body@2.1.7
20 silly idealTree:prePrune | `-- bytes@2.4.0
20 silly idealTree:prePrune +-- read-pkg-up@1.0.1
20 silly idealTree:prePrune +-- read-pkg@1.1.0
20 silly idealTree:prePrune +-- readable-stream@2.1.4
20 silly idealTree:prePrune +-- readdirp@2.1.0
20 silly idealTree:prePrune +-- redent@1.0.0
20 silly idealTree:prePrune +-- regex-cache@0.4.3
20 silly idealTree:prePrune +-- repeat-element@1.1.2
20 silly idealTree:prePrune +-- repeat-string@1.5.4
20 silly idealTree:prePrune +-- repeating@2.0.1
20 silly idealTree:prePrune +-- request@2.65.0
20 silly idealTree:prePrune | `-- qs@5.2.0
20 silly idealTree:prePrune +-- require-main-filename@1.0.1
20 silly idealTree:prePrune +-- requires-port@1.0.0
20 silly idealTree:prePrune +-- resolve@1.1.7
20 silly idealTree:prePrune +-- resp-modifier@6.0.1
20 silly idealTree:prePrune | `-- minimatch@2.0.10
20 silly idealTree:prePrune +-- right-align@0.1.3
20 silly idealTree:prePrune +-- rimraf@2.2.8
20 silly idealTree:prePrune +-- rx@4.1.0
20 silly idealTree:prePrune +-- semver@5.2.0
20 silly idealTree:prePrune +-- send@0.13.2
20 silly idealTree:prePrune | +-- mime@1.3.4
20 silly idealTree:prePrune | `-- statuses@1.2.1
20 silly idealTree:prePrune +-- serve-index@1.7.3
20 silly idealTree:prePrune +-- serve-static@1.10.3
20 silly idealTree:prePrune +-- server-destroy@1.0.1
20 silly idealTree:prePrune +-- set-blocking@1.0.0
20 silly idealTree:prePrune +-- set-immediate-shim@1.0.1
20 silly idealTree:prePrune +-- signal-exit@3.0.0
20 silly idealTree:prePrune +-- sntp@1.0.9
20 silly idealTree:prePrune +-- socket.io-adapter@0.4.0
20 silly idealTree:prePrune | +-- isarray@0.0.1
20 silly idealTree:prePrune | `-- socket.io-parser@2.2.2
20 silly idealTree:prePrune |   `-- debug@0.7.4
20 silly idealTree:prePrune +-- socket.io-client@1.4.6
20 silly idealTree:prePrune | `-- component-emitter@1.2.0
20 silly idealTree:prePrune +-- socket.io-parser@2.2.6
20 silly idealTree:prePrune | +-- isarray@0.0.1
20 silly idealTree:prePrune | `-- json3@3.3.2
20 silly idealTree:prePrune +-- socket.io@1.4.6
20 silly idealTree:prePrune +-- source-map@0.4.4
20 silly idealTree:prePrune +-- spdx-correct@1.0.2
20 silly idealTree:prePrune +-- spdx-exceptions@1.0.4
20 silly idealTree:prePrune +-- spdx-expression-parse@1.0.2
20 silly idealTree:prePrune +-- spdx-license-ids@1.2.1
20 silly idealTree:prePrune +-- sprintf-js@1.0.3
20 silly idealTree:prePrune +-- statuses@1.3.0
20 silly idealTree:prePrune +-- stream-throttle@0.1.3
20 silly idealTree:prePrune +-- string_decoder@0.10.31
20 silly idealTree:prePrune +-- string-width@1.0.1
20 silly idealTree:prePrune +-- stringstream@0.0.5
20 silly idealTree:prePrune +-- strip-ansi@3.0.1
20 silly idealTree:prePrune +-- strip-bom@2.0.0
20 silly idealTree:prePrune +-- strip-indent@1.0.1
20 silly idealTree:prePrune +-- supports-color@2.0.0
20 silly idealTree:prePrune +-- symbol@0.2.3
20 silly idealTree:prePrune +-- tfunk@3.0.2
20 silly idealTree:prePrune +-- tiny-lr@0.2.1
20 silly idealTree:prePrune +-- to-array@0.1.4
20 silly idealTree:prePrune +-- token-stream@0.0.1
20 silly idealTree:prePrune +-- tough-cookie@2.2.2
20 silly idealTree:prePrune +-- transformers@2.1.0
20 silly idealTree:prePrune | +-- is-promise@1.0.1
20 silly idealTree:prePrune | +-- promise@2.0.0
20 silly idealTree:prePrune | +-- source-map@0.1.43
20 silly idealTree:prePrune | `-- uglify-js@2.2.5
20 silly idealTree:prePrune +-- trim-newlines@1.0.0
20 silly idealTree:prePrune +-- tunnel-agent@0.4.3
20 silly idealTree:prePrune +-- type-is@1.6.13
20 silly idealTree:prePrune +-- ua-parser-js@0.7.10
20 silly idealTree:prePrune +-- uglify-js@2.6.4
20 silly idealTree:prePrune | +-- async@0.2.10
20 silly idealTree:prePrune | `-- source-map@0.5.6
20 silly idealTree:prePrune +-- uglify-to-browserify@1.0.2
20 silly idealTree:prePrune +-- ultron@1.0.2
20 silly idealTree:prePrune +-- underscore.string@3.2.3
20 silly idealTree:prePrune +-- underscore@1.7.0
20 silly idealTree:prePrune +-- unpipe@1.0.0
20 silly idealTree:prePrune +-- utf8@2.1.0
20 silly idealTree:prePrune +-- util-deprecate@1.0.2
20 silly idealTree:prePrune +-- utils-merge@1.0.0
20 silly idealTree:prePrune +-- validate-npm-package-license@3.0.1
20 silly idealTree:prePrune +-- void-elements@2.0.1
20 silly idealTree:prePrune +-- websocket-driver@0.6.5
20 silly idealTree:prePrune +-- websocket-extensions@0.1.1
20 silly idealTree:prePrune +-- weinre@2.0.0-pre-I0Z7U9OV
20 silly idealTree:prePrune +-- which@1.2.10
20 silly idealTree:prePrune +-- window-size@0.1.0
20 silly idealTree:prePrune +-- with@4.0.3
20 silly idealTree:prePrune | `-- acorn@1.2.2
20 silly idealTree:prePrune +-- wordwrap@0.0.3
20 silly idealTree:prePrune +-- wrap-ansi@2.0.0
20 silly idealTree:prePrune +-- wrappy@1.0.2
20 silly idealTree:prePrune +-- ws@1.0.1
20 silly idealTree:prePrune +-- xmlhttprequest-ssl@1.5.1
20 silly idealTree:prePrune +-- xtend@4.0.1
20 silly idealTree:prePrune +-- y18n@3.2.1
20 silly idealTree:prePrune +-- yargs-parser@2.4.0
20 silly idealTree:prePrune +-- yargs@3.10.0
20 silly idealTree:prePrune | `-- camelcase@1.2.1
20 silly idealTree:prePrune `-- yeast@0.1.2
21 silly loadIdealTree Finishing
22 silly currentTree showersite@1.0.0
22 silly currentTree +-- abbrev@1.0.9
22 silly currentTree +-- accepts@1.2.13
22 silly currentTree +-- acorn-globals@1.0.9
22 silly currentTree +-- acorn@2.7.0
22 silly currentTree +-- after@0.8.1
22 silly currentTree +-- align-text@0.1.4
22 silly currentTree +-- amdefine@1.0.0
22 silly currentTree +-- ansi-regex@2.0.0
22 silly currentTree +-- ansi-styles@2.2.1
22 silly currentTree +-- anymatch@1.3.0
22 silly currentTree +-- argparse@1.0.7
22 silly currentTree +-- arr-diff@2.0.0
22 silly currentTree +-- arr-flatten@1.0.1
22 silly currentTree +-- array-find-index@1.0.1
22 silly currentTree +-- array-unique@0.2.1
22 silly currentTree +-- arraybuffer.slice@0.0.6
22 silly currentTree +-- arrify@1.0.1
22 silly currentTree +-- asap@1.0.0
22 silly currentTree +-- asn1@0.1.11
22 silly currentTree +-- assert-plus@0.1.5
22 silly currentTree +-- async-each-series@0.1.1
22 silly currentTree +-- async-each@1.0.0
22 silly currentTree +-- async@1.5.2
22 silly currentTree +-- aws-sign2@0.6.0
22 silly currentTree +-- backo2@1.0.2
22 silly currentTree +-- balanced-match@0.4.1
22 silly currentTree +-- base64-arraybuffer@0.1.2
22 silly currentTree +-- base64id@0.1.0
22 silly currentTree +-- batch@0.5.3
22 silly currentTree +-- benchmark@1.0.0
22 silly currentTree +-- better-assert@1.0.2
22 silly currentTree +-- binary-extensions@1.5.0
22 silly currentTree +-- bl@1.0.3
22 silly currentTree | `-- readable-stream@2.0.6
22 silly currentTree +-- blob@0.0.4
22 silly currentTree +-- body-parser@1.14.2
22 silly currentTree | `-- qs@5.2.0
22 silly currentTree +-- boom@2.10.1
22 silly currentTree +-- brace-expansion@1.1.5
22 silly currentTree +-- braces@1.8.5
22 silly currentTree +-- browser-sync-client@2.4.2
22 silly currentTree +-- browser-sync-ui@0.6.0
22 silly currentTree +-- browser-sync@2.13.0
22 silly currentTree | +-- camelcase@3.0.0
22 silly currentTree | +-- cliui@3.2.0
22 silly currentTree | +-- qs@6.2.0
22 silly currentTree | +-- window-size@0.2.0
22 silly currentTree | `-- yargs@4.7.1
22 silly currentTree +-- bs-recipes@1.2.2
22 silly currentTree +-- buffer-shims@1.0.0
22 silly currentTree +-- builtin-modules@1.1.1
22 silly currentTree +-- bytes@2.2.0
22 silly currentTree +-- callsite@1.0.0
22 silly currentTree +-- camelcase-keys@2.1.0
22 silly currentTree +-- camelcase@2.1.1
22 silly currentTree +-- caseless@0.11.0
22 silly currentTree +-- center-align@0.1.3
22 silly currentTree +-- chalk@1.1.3
22 silly currentTree +-- character-parser@1.2.1
22 silly currentTree +-- chokidar@1.5.1
22 silly currentTree +-- clean-css@3.4.18
22 silly currentTree | `-- commander@2.8.1
22 silly currentTree +-- cliui@2.1.0
22 silly currentTree | `-- wordwrap@0.0.2
22 silly currentTree +-- code-point-at@1.0.0
22 silly currentTree +-- coffee-script@1.10.0
22 silly currentTree +-- colors@1.1.2
22 silly currentTree +-- combined-stream@1.0.5
22 silly currentTree +-- commander@2.6.0
22 silly currentTree +-- component-bind@1.0.0
22 silly currentTree +-- component-emitter@1.1.2
22 silly currentTree +-- component-inherit@0.0.3
22 silly currentTree +-- concat-map@0.0.1
22 silly currentTree +-- connect-history-api-fallback@1.2.0
22 silly currentTree +-- connect@3.4.1
22 silly currentTree +-- constantinople@3.0.2
22 silly currentTree +-- content-type@1.0.2
22 silly currentTree +-- core-util-is@1.0.2
22 silly currentTree +-- cross-spawn@0.2.9
22 silly currentTree +-- cryptiles@2.0.5
22 silly currentTree +-- css-parse@1.0.4
22 silly currentTree +-- css-stringify@1.0.5
22 silly currentTree +-- css@1.0.8
22 silly currentTree +-- ctype@0.5.3
22 silly currentTree +-- currently-unhandled@0.4.1
22 silly currentTree +-- dargs@4.1.0
22 silly currentTree +-- dateformat@1.0.12
22 silly currentTree +-- debug@2.2.0
22 silly currentTree +-- decamelize@1.2.0
22 silly currentTree +-- delayed-stream@1.0.0
22 silly currentTree +-- depd@1.1.0
22 silly currentTree +-- destroy@1.0.4
22 silly currentTree +-- dev-ip@1.0.1
22 silly currentTree +-- doctypes@1.0.0
22 silly currentTree +-- easy-extender@2.3.2
22 silly currentTree +-- eazy-logger@3.0.2
22 silly currentTree +-- ee-first@1.1.1
22 silly currentTree +-- emitter-steward@1.0.0
22 silly currentTree +-- engine.io-client@1.6.9
22 silly currentTree +-- engine.io-parser@1.2.4
22 silly currentTree | +-- has-binary@0.1.6
22 silly currentTree | `-- isarray@0.0.1
22 silly currentTree +-- engine.io@1.6.9
22 silly currentTree | +-- accepts@1.1.4
22 silly currentTree | +-- mime-db@1.12.0
22 silly currentTree | +-- mime-types@2.0.14
22 silly currentTree | `-- negotiator@0.4.9
22 silly currentTree +-- error-ex@1.3.0
22 silly currentTree +-- escape-html@1.0.3
22 silly currentTree +-- escape-string-regexp@1.0.5
22 silly currentTree +-- esprima@2.7.2
22 silly currentTree +-- etag@1.7.0
22 silly currentTree +-- eventemitter2@0.4.14
22 silly currentTree +-- eventemitter3@1.2.0
22 silly currentTree +-- exit@0.1.2
22 silly currentTree +-- expand-brackets@0.1.5
22 silly currentTree +-- expand-range@1.8.2
22 silly currentTree +-- express@2.5.11
22 silly currentTree | +-- connect@1.9.2
22 silly currentTree | +-- mkdirp@0.3.0
22 silly currentTree | `-- qs@0.4.2
22 silly currentTree +-- extend@3.0.0
22 silly currentTree +-- extglob@0.3.2
22 silly currentTree +-- faye-websocket@0.10.0
22 silly currentTree +-- filename-regex@2.0.0
22 silly currentTree +-- fill-range@2.2.3
22 silly currentTree +-- finalhandler@0.4.1
22 silly currentTree +-- find-up@1.1.2
22 silly currentTree +-- findup-sync@0.3.0
22 silly currentTree | `-- glob@5.0.15
22 silly currentTree +-- for-in@0.1.5
22 silly currentTree +-- for-own@0.1.4
22 silly currentTree +-- forever-agent@0.6.1
22 silly currentTree +-- form-data@1.0.0-rc4
22 silly currentTree +-- formidable@1.0.17
22 silly currentTree +-- fresh@0.3.0
22 silly currentTree +-- fs-extra@0.26.7
22 silly currentTree +-- fs.realpath@1.0.0
22 silly currentTree +-- gaze@1.1.0
22 silly currentTree +-- generate-function@2.0.0
22 silly currentTree +-- generate-object-property@1.2.0
22 silly currentTree +-- get-stdin@4.0.1
22 silly currentTree +-- getobject@0.1.0
22 silly currentTree +-- glob-base@0.3.0
22 silly currentTree +-- glob-parent@2.0.0
22 silly currentTree +-- glob@7.0.5
22 silly currentTree +-- globule@1.0.0
22 silly currentTree | `-- lodash@4.9.0
22 silly currentTree +-- graceful-fs@4.1.4
22 silly currentTree +-- graceful-readlink@1.0.1
22 silly currentTree +-- grunt-browser-sync@2.2.0
22 silly currentTree +-- grunt-contrib-jade@1.0.0
22 silly currentTree +-- grunt-contrib-pug@1.0.0
22 silly currentTree +-- grunt-contrib-sass@1.0.0
22 silly currentTree | `-- async@0.9.2
22 silly currentTree +-- grunt-contrib-watch@1.0.0
22 silly currentTree +-- grunt-known-options@1.1.0
22 silly currentTree +-- grunt-legacy-log-utils@1.0.0
22 silly currentTree | `-- lodash@4.3.0
22 silly currentTree +-- grunt-legacy-log@1.0.0
22 silly currentTree +-- grunt-legacy-util@1.0.0
22 silly currentTree | `-- lodash@4.3.0
22 silly currentTree +-- grunt@1.0.1
22 silly currentTree | `-- grunt-cli@1.2.0
22 silly currentTree +-- har-validator@2.0.6
22 silly currentTree | `-- commander@2.9.0
22 silly currentTree +-- has-ansi@2.0.0
22 silly currentTree +-- has-binary@0.1.7
22 silly currentTree | `-- isarray@0.0.1
22 silly currentTree +-- has-cors@1.1.0
22 silly currentTree +-- hawk@3.1.3
22 silly currentTree +-- hoek@2.16.3
22 silly currentTree +-- hooker@0.2.3
22 silly currentTree +-- hosted-git-info@2.1.5
22 silly currentTree +-- http-errors@1.3.1
22 silly currentTree +-- http-proxy@1.13.3
22 silly currentTree +-- http-signature@0.11.0
22 silly currentTree +-- iconv-lite@0.4.13
22 silly currentTree +-- immutable@3.8.1
22 silly currentTree +-- indent-string@2.1.0
22 silly currentTree +-- indexof@0.0.1
22 silly currentTree +-- inflight@1.0.5
22 silly currentTree +-- inherits@2.0.1
22 silly currentTree +-- invert-kv@1.0.0
22 silly currentTree +-- is-arrayish@0.2.1
22 silly currentTree +-- is-binary-path@1.0.1
22 silly currentTree +-- is-buffer@1.1.3
22 silly currentTree +-- is-builtin-module@1.0.0
22 silly currentTree +-- is-dotfile@1.0.2
22 silly currentTree +-- is-equal-shallow@0.1.3
22 silly currentTree +-- is-expression@2.0.1
22 silly currentTree | `-- acorn@3.1.0
22 silly currentTree +-- is-extendable@0.1.1
22 silly currentTree +-- is-extglob@1.0.0
22 silly currentTree +-- is-finite@1.0.1
22 silly currentTree +-- is-fullwidth-code-point@1.0.0
22 silly currentTree +-- is-glob@2.0.1
22 silly currentTree +-- is-my-json-valid@2.13.1
22 silly currentTree +-- is-number@2.1.0
22 silly currentTree +-- is-posix-bracket@0.1.1
22 silly currentTree +-- is-primitive@2.0.0
22 silly currentTree +-- is-promise@2.1.0
22 silly currentTree +-- is-property@1.0.2
22 silly currentTree +-- is-regex@1.0.3
22 silly currentTree +-- is-utf8@0.2.1
22 silly currentTree +-- isarray@1.0.0
22 silly currentTree +-- isexe@1.1.2
22 silly currentTree +-- isobject@2.1.0
22 silly currentTree +-- isstream@0.1.2
22 silly currentTree +-- jade@1.11.0
22 silly currentTree +-- js-stringify@1.0.2
22 silly currentTree +-- js-yaml@3.5.5
22 silly currentTree +-- json-stringify-safe@5.0.1
22 silly currentTree +-- json3@3.2.6
22 silly currentTree +-- jsonfile@2.3.1
22 silly currentTree +-- jsonpointer@2.0.0
22 silly currentTree +-- jstransformer@0.0.2
22 silly currentTree +-- kind-of@3.0.3
22 silly currentTree +-- klaw@1.3.0
22 silly currentTree +-- lazy-cache@1.0.4
22 silly currentTree +-- lcid@1.0.0
22 silly currentTree +-- limiter@1.1.0
22 silly currentTree +-- livereload-js@2.2.2
22 silly currentTree +-- load-json-file@1.1.0
22 silly currentTree +-- localtunnel@1.8.1
22 silly currentTree | +-- camelcase@1.2.1
22 silly currentTree | +-- cliui@3.2.0
22 silly currentTree | +-- window-size@0.1.4
22 silly currentTree | `-- yargs@3.29.0
22 silly currentTree +-- lodash.assign@4.0.9
22 silly currentTree +-- lodash.keys@4.0.7
22 silly currentTree +-- lodash.rest@4.0.3
22 silly currentTree +-- lodash@3.10.1
22 silly currentTree +-- longest@1.0.1
22 silly currentTree +-- loud-rejection@1.5.0
22 silly currentTree +-- lru-cache
22 silly currentTree +-- map-obj@1.0.1
22 silly currentTree +-- media-typer@0.3.0
22 silly currentTree +-- meow@3.7.0
22 silly currentTree +-- micromatch@2.3.8
22 silly currentTree +-- mime-db@1.23.0
22 silly currentTree +-- mime-types@2.1.11
22 silly currentTree +-- mime@1.2.4
22 silly currentTree +-- minimatch@3.0.2
22 silly currentTree +-- minimist@1.2.0
22 silly currentTree +-- mkdirp@0.5.1
22 silly currentTree | `-- minimist@0.0.8
22 silly currentTree +-- ms@0.7.1
22 silly currentTree +-- negotiator@0.5.3
22 silly currentTree +-- node-uuid@1.4.7
22 silly currentTree +-- nopt@3.0.6
22 silly currentTree +-- normalize-package-data@2.3.5
22 silly currentTree +-- normalize-path@2.0.1
22 silly currentTree +-- number-is-nan@1.0.0
22 silly currentTree +-- oauth-sign@0.8.2
22 silly currentTree +-- object-assign@4.1.0
22 silly currentTree +-- object-component@0.0.3
22 silly currentTree +-- object-path@0.9.2
22 silly currentTree +-- object.omit@2.0.0
22 silly currentTree +-- on-finished@2.3.0
22 silly currentTree +-- once@1.3.3
22 silly currentTree +-- openurl@1.1.0
22 silly currentTree +-- opn@3.0.3
22 silly currentTree +-- optimist@0.3.7
22 silly currentTree +-- options@0.0.6
22 silly currentTree +-- os-locale@1.4.0
22 silly currentTree +-- parse-glob@3.0.4
22 silly currentTree +-- parse-json@2.2.0
22 silly currentTree +-- parsejson@0.0.1
22 silly currentTree +-- parseqs@0.0.2
22 silly currentTree +-- parseuri@0.0.4
22 silly currentTree +-- parseurl@1.3.1
22 silly currentTree +-- path-exists@2.1.0
22 silly currentTree +-- path-is-absolute@1.0.0
22 silly currentTree +-- path-type@1.1.0
22 silly currentTree +-- pify@2.3.0
22 silly currentTree +-- pinkie-promise@2.0.1
22 silly currentTree +-- pinkie@2.0.4
22 silly currentTree +-- pkg-conf@1.1.3
22 silly currentTree +-- portscanner@1.0.0
22 silly currentTree | `-- async@0.1.15
22 silly currentTree +-- preserve@0.2.0
22 silly currentTree +-- process-nextick-args@1.0.7
22 silly currentTree +-- promise@6.1.0
22 silly currentTree +-- pug-attrs@2.0.1
22 silly currentTree +-- pug-code-gen@0.0.7
22 silly currentTree | +-- acorn-globals@3.0.0
22 silly currentTree | +-- acorn@3.2.0
22 silly currentTree | `-- with@5.1.1
22 silly currentTree +-- pug-error@1.3.1
22 silly currentTree +-- pug-filters@1.2.2
22 silly currentTree | +-- asap@2.0.4
22 silly currentTree | +-- jstransformer@1.0.0
22 silly currentTree | `-- promise@7.1.1
22 silly currentTree +-- pug-lexer@2.0.2
22 silly currentTree | `-- character-parser@2.2.0
22 silly currentTree +-- pug-linker@1.0.0
22 silly currentTree +-- pug-load@2.0.0
22 silly currentTree +-- pug-parser@2.0.1
22 silly currentTree +-- pug-runtime@2.0.1
22 silly currentTree +-- pug-strip-comments@0.0.1
22 silly currentTree | `-- pug-error@0.0.0
22 silly currentTree +-- pug-walk@0.0.3
22 silly currentTree +-- pug@2.0.0-beta3
22 silly currentTree +-- qs@5.1.0
22 silly currentTree +-- randomatic@1.1.5
22 silly currentTree +-- range-parser@1.0.3
22 silly currentTree +-- raw-body@2.1.7
22 silly currentTree | `-- bytes@2.4.0
22 silly currentTree +-- read-pkg-up@1.0.1
22 silly currentTree +-- read-pkg@1.1.0
22 silly currentTree +-- readable-stream@2.1.4
22 silly currentTree +-- readdirp@2.1.0
22 silly currentTree +-- redent@1.0.0
22 silly currentTree +-- regex-cache@0.4.3
22 silly currentTree +-- repeat-element@1.1.2
22 silly currentTree +-- repeat-string@1.5.4
22 silly currentTree +-- repeating@2.0.1
22 silly currentTree +-- request@2.65.0
22 silly currentTree | `-- qs@5.2.0
22 silly currentTree +-- require-main-filename@1.0.1
22 silly currentTree +-- requires-port@1.0.0
22 silly currentTree +-- resolve@1.1.7
22 silly currentTree +-- resp-modifier@6.0.1
22 silly currentTree | `-- minimatch@2.0.10
22 silly currentTree +-- right-align@0.1.3
22 silly currentTree +-- rimraf@2.2.8
22 silly currentTree +-- rx@4.1.0
22 silly currentTree +-- semver@5.2.0
22 silly currentTree +-- send@0.13.2
22 silly currentTree | +-- mime@1.3.4
22 silly currentTree | `-- statuses@1.2.1
22 silly currentTree +-- serve-index@1.7.3
22 silly currentTree +-- serve-static@1.10.3
22 silly currentTree +-- server-destroy@1.0.1
22 silly currentTree +-- set-blocking@1.0.0
22 silly currentTree +-- set-immediate-shim@1.0.1
22 silly currentTree +-- signal-exit@3.0.0
22 silly currentTree +-- sntp@1.0.9
22 silly currentTree +-- socket.io-adapter@0.4.0
22 silly currentTree | +-- isarray@0.0.1
22 silly currentTree | `-- socket.io-parser@2.2.2
22 silly currentTree |   `-- debug@0.7.4
22 silly currentTree +-- socket.io-client@1.4.6
22 silly currentTree | `-- component-emitter@1.2.0
22 silly currentTree +-- socket.io-parser@2.2.6
22 silly currentTree | +-- isarray@0.0.1
22 silly currentTree | `-- json3@3.3.2
22 silly currentTree +-- socket.io@1.4.6
22 silly currentTree +-- source-map@0.4.4
22 silly currentTree +-- spdx-correct@1.0.2
22 silly currentTree +-- spdx-exceptions@1.0.4
22 silly currentTree +-- spdx-expression-parse@1.0.2
22 silly currentTree +-- spdx-license-ids@1.2.1
22 silly currentTree +-- sprintf-js@1.0.3
22 silly currentTree +-- statuses@1.3.0
22 silly currentTree +-- stream-throttle@0.1.3
22 silly currentTree +-- string_decoder@0.10.31
22 silly currentTree +-- string-width@1.0.1
22 silly currentTree +-- stringstream@0.0.5
22 silly currentTree +-- strip-ansi@3.0.1
22 silly currentTree +-- strip-bom@2.0.0
22 silly currentTree +-- strip-indent@1.0.1
22 silly currentTree +-- supports-color@2.0.0
22 silly currentTree +-- symbol@0.2.3
22 silly currentTree +-- tfunk@3.0.2
22 silly currentTree +-- tiny-lr@0.2.1
22 silly currentTree +-- to-array@0.1.4
22 silly currentTree +-- token-stream@0.0.1
22 silly currentTree +-- tough-cookie@2.2.2
22 silly currentTree +-- transformers@2.1.0
22 silly currentTree | +-- is-promise@1.0.1
22 silly currentTree | +-- promise@2.0.0
22 silly currentTree | +-- source-map@0.1.43
22 silly currentTree | `-- uglify-js@2.2.5
22 silly currentTree +-- trim-newlines@1.0.0
22 silly currentTree +-- tunnel-agent@0.4.3
22 silly currentTree +-- type-is@1.6.13
22 silly currentTree +-- ua-parser-js@0.7.10
22 silly currentTree +-- uglify-js@2.6.4
22 silly currentTree | +-- async@0.2.10
22 silly currentTree | `-- source-map@0.5.6
22 silly currentTree +-- uglify-to-browserify@1.0.2
22 silly currentTree +-- ultron@1.0.2
22 silly currentTree +-- underscore.string@3.2.3
22 silly currentTree +-- underscore@1.7.0
22 silly currentTree +-- unpipe@1.0.0
22 silly currentTree +-- utf8@2.1.0
22 silly currentTree +-- util-deprecate@1.0.2
22 silly currentTree +-- utils-merge@1.0.0
22 silly currentTree +-- validate-npm-package-license@3.0.1
22 silly currentTree +-- void-elements@2.0.1
22 silly currentTree +-- websocket-driver@0.6.5
22 silly currentTree +-- websocket-extensions@0.1.1
22 silly currentTree +-- weinre@2.0.0-pre-I0Z7U9OV
22 silly currentTree +-- which@1.2.10
22 silly currentTree +-- window-size@0.1.0
22 silly currentTree +-- with@4.0.3
22 silly currentTree | `-- acorn@1.2.2
22 silly currentTree +-- wordwrap@0.0.3
22 silly currentTree +-- wrap-ansi@2.0.0
22 silly currentTree +-- wrappy@1.0.2
22 silly currentTree +-- ws@1.0.1
22 silly currentTree +-- xmlhttprequest-ssl@1.5.1
22 silly currentTree +-- xtend@4.0.1
22 silly currentTree +-- y18n@3.2.1
22 silly currentTree +-- yargs-parser@2.4.0
22 silly currentTree +-- yargs@3.10.0
22 silly currentTree | `-- camelcase@1.2.1
22 silly currentTree `-- yeast@0.1.2
23 silly idealTree showersite@1.0.0
23 silly idealTree +-- abbrev@1.0.9
23 silly idealTree +-- accepts@1.2.13
23 silly idealTree +-- acorn-globals@1.0.9
23 silly idealTree +-- acorn@2.7.0
23 silly idealTree +-- after@0.8.1
23 silly idealTree +-- align-text@0.1.4
23 silly idealTree +-- amdefine@1.0.0
23 silly idealTree +-- ansi-regex@2.0.0
23 silly idealTree +-- ansi-styles@2.2.1
23 silly idealTree +-- anymatch@1.3.0
23 silly idealTree +-- argparse@1.0.7
23 silly idealTree +-- arr-diff@2.0.0
23 silly idealTree +-- arr-flatten@1.0.1
23 silly idealTree +-- array-find-index@1.0.1
23 silly idealTree +-- array-unique@0.2.1
23 silly idealTree +-- arraybuffer.slice@0.0.6
23 silly idealTree +-- arrify@1.0.1
23 silly idealTree +-- asap@1.0.0
23 silly idealTree +-- asn1@0.1.11
23 silly idealTree +-- assert-plus@0.1.5
23 silly idealTree +-- async-each-series@0.1.1
23 silly idealTree +-- async-each@1.0.0
23 silly idealTree +-- async@1.5.2
23 silly idealTree +-- aws-sign2@0.6.0
23 silly idealTree +-- backo2@1.0.2
23 silly idealTree +-- balanced-match@0.4.1
23 silly idealTree +-- base64-arraybuffer@0.1.2
23 silly idealTree +-- base64id@0.1.0
23 silly idealTree +-- batch@0.5.3
23 silly idealTree +-- benchmark@1.0.0
23 silly idealTree +-- better-assert@1.0.2
23 silly idealTree +-- binary-extensions@1.5.0
23 silly idealTree +-- bl@1.0.3
23 silly idealTree | `-- readable-stream@2.0.6
23 silly idealTree +-- blob@0.0.4
23 silly idealTree +-- body-parser@1.14.2
23 silly idealTree | `-- qs@5.2.0
23 silly idealTree +-- boom@2.10.1
23 silly idealTree +-- brace-expansion@1.1.5
23 silly idealTree +-- braces@1.8.5
23 silly idealTree +-- browser-sync-client@2.4.2
23 silly idealTree +-- browser-sync-ui@0.6.0
23 silly idealTree +-- browser-sync@2.13.0
23 silly idealTree | +-- camelcase@3.0.0
23 silly idealTree | +-- cliui@3.2.0
23 silly idealTree | +-- qs@6.2.0
23 silly idealTree | +-- window-size@0.2.0
23 silly idealTree | `-- yargs@4.7.1
23 silly idealTree +-- bs-recipes@1.2.2
23 silly idealTree +-- buffer-shims@1.0.0
23 silly idealTree +-- builtin-modules@1.1.1
23 silly idealTree +-- bytes@2.2.0
23 silly idealTree +-- callsite@1.0.0
23 silly idealTree +-- camelcase-keys@2.1.0
23 silly idealTree +-- camelcase@2.1.1
23 silly idealTree +-- caseless@0.11.0
23 silly idealTree +-- center-align@0.1.3
23 silly idealTree +-- chalk@1.1.3
23 silly idealTree +-- character-parser@1.2.1
23 silly idealTree +-- chokidar@1.5.1
23 silly idealTree +-- clean-css@3.4.18
23 silly idealTree | `-- commander@2.8.1
23 silly idealTree +-- cliui@2.1.0
23 silly idealTree | `-- wordwrap@0.0.2
23 silly idealTree +-- code-point-at@1.0.0
23 silly idealTree +-- coffee-script@1.10.0
23 silly idealTree +-- colors@1.1.2
23 silly idealTree +-- combined-stream@1.0.5
23 silly idealTree +-- commander@2.6.0
23 silly idealTree +-- component-bind@1.0.0
23 silly idealTree +-- component-emitter@1.1.2
23 silly idealTree +-- component-inherit@0.0.3
23 silly idealTree +-- concat-map@0.0.1
23 silly idealTree +-- connect-history-api-fallback@1.2.0
23 silly idealTree +-- connect@3.4.1
23 silly idealTree +-- constantinople@3.0.2
23 silly idealTree +-- content-type@1.0.2
23 silly idealTree +-- core-util-is@1.0.2
23 silly idealTree +-- cross-spawn@0.2.9
23 silly idealTree +-- cryptiles@2.0.5
23 silly idealTree +-- css-parse@1.0.4
23 silly idealTree +-- css-stringify@1.0.5
23 silly idealTree +-- css@1.0.8
23 silly idealTree +-- ctype@0.5.3
23 silly idealTree +-- currently-unhandled@0.4.1
23 silly idealTree +-- dargs@4.1.0
23 silly idealTree +-- dateformat@1.0.12
23 silly idealTree +-- debug@2.2.0
23 silly idealTree +-- decamelize@1.2.0
23 silly idealTree +-- delayed-stream@1.0.0
23 silly idealTree +-- depd@1.1.0
23 silly idealTree +-- destroy@1.0.4
23 silly idealTree +-- dev-ip@1.0.1
23 silly idealTree +-- doctypes@1.0.0
23 silly idealTree +-- easy-extender@2.3.2
23 silly idealTree +-- eazy-logger@3.0.2
23 silly idealTree +-- ee-first@1.1.1
23 silly idealTree +-- emitter-steward@1.0.0
23 silly idealTree +-- engine.io-client@1.6.9
23 silly idealTree +-- engine.io-parser@1.2.4
23 silly idealTree | +-- has-binary@0.1.6
23 silly idealTree | `-- isarray@0.0.1
23 silly idealTree +-- engine.io@1.6.9
23 silly idealTree | +-- accepts@1.1.4
23 silly idealTree | +-- mime-db@1.12.0
23 silly idealTree | +-- mime-types@2.0.14
23 silly idealTree | `-- negotiator@0.4.9
23 silly idealTree +-- error-ex@1.3.0
23 silly idealTree +-- escape-html@1.0.3
23 silly idealTree +-- escape-string-regexp@1.0.5
23 silly idealTree +-- esprima@2.7.2
23 silly idealTree +-- etag@1.7.0
23 silly idealTree +-- eventemitter2@0.4.14
23 silly idealTree +-- eventemitter3@1.2.0
23 silly idealTree +-- exit@0.1.2
23 silly idealTree +-- expand-brackets@0.1.5
23 silly idealTree +-- expand-range@1.8.2
23 silly idealTree +-- express@2.5.11
23 silly idealTree | +-- connect@1.9.2
23 silly idealTree | +-- mkdirp@0.3.0
23 silly idealTree | `-- qs@0.4.2
23 silly idealTree +-- extend@3.0.0
23 silly idealTree +-- extglob@0.3.2
23 silly idealTree +-- faye-websocket@0.10.0
23 silly idealTree +-- filename-regex@2.0.0
23 silly idealTree +-- fill-range@2.2.3
23 silly idealTree +-- finalhandler@0.4.1
23 silly idealTree +-- find-up@1.1.2
23 silly idealTree +-- findup-sync@0.3.0
23 silly idealTree | `-- glob@5.0.15
23 silly idealTree +-- for-in@0.1.5
23 silly idealTree +-- for-own@0.1.4
23 silly idealTree +-- forever-agent@0.6.1
23 silly idealTree +-- form-data@1.0.0-rc4
23 silly idealTree +-- formidable@1.0.17
23 silly idealTree +-- fresh@0.3.0
23 silly idealTree +-- fs-extra@0.26.7
23 silly idealTree +-- fs.realpath@1.0.0
23 silly idealTree +-- gaze@1.1.0
23 silly idealTree +-- generate-function@2.0.0
23 silly idealTree +-- generate-object-property@1.2.0
23 silly idealTree +-- get-stdin@4.0.1
23 silly idealTree +-- getobject@0.1.0
23 silly idealTree +-- glob-base@0.3.0
23 silly idealTree +-- glob-parent@2.0.0
23 silly idealTree +-- glob@7.0.5
23 silly idealTree +-- globule@1.0.0
23 silly idealTree | `-- lodash@4.9.0
23 silly idealTree +-- graceful-fs@4.1.4
23 silly idealTree +-- graceful-readlink@1.0.1
23 silly idealTree +-- grunt-contrib-jade@1.0.0
23 silly idealTree +-- grunt-contrib-pug@1.0.0
23 silly idealTree +-- grunt-contrib-sass@1.0.0
23 silly idealTree | `-- async@0.9.2
23 silly idealTree +-- grunt-contrib-watch@1.0.0
23 silly idealTree +-- grunt-known-options@1.1.0
23 silly idealTree +-- grunt-legacy-log-utils@1.0.0
23 silly idealTree | `-- lodash@4.3.0
23 silly idealTree +-- grunt-legacy-log@1.0.0
23 silly idealTree +-- grunt-legacy-util@1.0.0
23 silly idealTree | `-- lodash@4.3.0
23 silly idealTree +-- grunt@1.0.1
23 silly idealTree | `-- grunt-cli@1.2.0
23 silly idealTree +-- har-validator@2.0.6
23 silly idealTree | `-- commander@2.9.0
23 silly idealTree +-- has-ansi@2.0.0
23 silly idealTree +-- has-binary@0.1.7
23 silly idealTree | `-- isarray@0.0.1
23 silly idealTree +-- has-cors@1.1.0
23 silly idealTree +-- hawk@3.1.3
23 silly idealTree +-- hoek@2.16.3
23 silly idealTree +-- hooker@0.2.3
23 silly idealTree +-- hosted-git-info@2.1.5
23 silly idealTree +-- http-errors@1.3.1
23 silly idealTree +-- http-proxy@1.13.3
23 silly idealTree +-- http-signature@0.11.0
23 silly idealTree +-- iconv-lite@0.4.13
23 silly idealTree +-- immutable@3.8.1
23 silly idealTree +-- indent-string@2.1.0
23 silly idealTree +-- indexof@0.0.1
23 silly idealTree +-- inflight@1.0.5
23 silly idealTree +-- inherits@2.0.1
23 silly idealTree +-- invert-kv@1.0.0
23 silly idealTree +-- is-arrayish@0.2.1
23 silly idealTree +-- is-binary-path@1.0.1
23 silly idealTree +-- is-buffer@1.1.3
23 silly idealTree +-- is-builtin-module@1.0.0
23 silly idealTree +-- is-dotfile@1.0.2
23 silly idealTree +-- is-equal-shallow@0.1.3
23 silly idealTree +-- is-expression@2.0.1
23 silly idealTree | `-- acorn@3.1.0
23 silly idealTree +-- is-extendable@0.1.1
23 silly idealTree +-- is-extglob@1.0.0
23 silly idealTree +-- is-finite@1.0.1
23 silly idealTree +-- is-fullwidth-code-point@1.0.0
23 silly idealTree +-- is-glob@2.0.1
23 silly idealTree +-- is-my-json-valid@2.13.1
23 silly idealTree +-- is-number@2.1.0
23 silly idealTree +-- is-posix-bracket@0.1.1
23 silly idealTree +-- is-primitive@2.0.0
23 silly idealTree +-- is-promise@2.1.0
23 silly idealTree +-- is-property@1.0.2
23 silly idealTree +-- is-regex@1.0.3
23 silly idealTree +-- is-utf8@0.2.1
23 silly idealTree +-- isarray@1.0.0
23 silly idealTree +-- isexe@1.1.2
23 silly idealTree +-- isobject@2.1.0
23 silly idealTree +-- isstream@0.1.2
23 silly idealTree +-- jade@1.11.0
23 silly idealTree +-- js-stringify@1.0.2
23 silly idealTree +-- js-yaml@3.5.5
23 silly idealTree +-- json-stringify-safe@5.0.1
23 silly idealTree +-- json3@3.2.6
23 silly idealTree +-- jsonfile@2.3.1
23 silly idealTree +-- jsonpointer@2.0.0
23 silly idealTree +-- jstransformer@0.0.2
23 silly idealTree +-- kind-of@3.0.3
23 silly idealTree +-- klaw@1.3.0
23 silly idealTree +-- lazy-cache@1.0.4
23 silly idealTree +-- lcid@1.0.0
23 silly idealTree +-- limiter@1.1.0
23 silly idealTree +-- livereload-js@2.2.2
23 silly idealTree +-- load-json-file@1.1.0
23 silly idealTree +-- localtunnel@1.8.1
23 silly idealTree | +-- camelcase@1.2.1
23 silly idealTree | +-- cliui@3.2.0
23 silly idealTree | +-- window-size@0.1.4
23 silly idealTree | `-- yargs@3.29.0
23 silly idealTree +-- lodash.assign@4.0.9
23 silly idealTree +-- lodash.keys@4.0.7
23 silly idealTree +-- lodash.rest@4.0.3
23 silly idealTree +-- lodash@3.10.1
23 silly idealTree +-- longest@1.0.1
23 silly idealTree +-- loud-rejection@1.5.0
23 silly idealTree +-- lru-cache
23 silly idealTree +-- map-obj@1.0.1
23 silly idealTree +-- media-typer@0.3.0
23 silly idealTree +-- meow@3.7.0
23 silly idealTree +-- micromatch@2.3.8
23 silly idealTree +-- mime-db@1.23.0
23 silly idealTree +-- mime-types@2.1.11
23 silly idealTree +-- mime@1.2.4
23 silly idealTree +-- minimatch@3.0.2
23 silly idealTree +-- minimist@1.2.0
23 silly idealTree +-- mkdirp@0.5.1
23 silly idealTree | `-- minimist@0.0.8
23 silly idealTree +-- ms@0.7.1
23 silly idealTree +-- negotiator@0.5.3
23 silly idealTree +-- node-uuid@1.4.7
23 silly idealTree +-- nopt@3.0.6
23 silly idealTree +-- normalize-package-data@2.3.5
23 silly idealTree +-- normalize-path@2.0.1
23 silly idealTree +-- number-is-nan@1.0.0
23 silly idealTree +-- oauth-sign@0.8.2
23 silly idealTree +-- object-assign@4.1.0
23 silly idealTree +-- object-component@0.0.3
23 silly idealTree +-- object-path@0.9.2
23 silly idealTree +-- object.omit@2.0.0
23 silly idealTree +-- on-finished@2.3.0
23 silly idealTree +-- once@1.3.3
23 silly idealTree +-- openurl@1.1.0
23 silly idealTree +-- opn@3.0.3
23 silly idealTree +-- optimist@0.3.7
23 silly idealTree +-- options@0.0.6
23 silly idealTree +-- os-locale@1.4.0
23 silly idealTree +-- parse-glob@3.0.4
23 silly idealTree +-- parse-json@2.2.0
23 silly idealTree +-- parsejson@0.0.1
23 silly idealTree +-- parseqs@0.0.2
23 silly idealTree +-- parseuri@0.0.4
23 silly idealTree +-- parseurl@1.3.1
23 silly idealTree +-- path-exists@2.1.0
23 silly idealTree +-- path-is-absolute@1.0.0
23 silly idealTree +-- path-type@1.1.0
23 silly idealTree +-- pify@2.3.0
23 silly idealTree +-- pinkie-promise@2.0.1
23 silly idealTree +-- pinkie@2.0.4
23 silly idealTree +-- pkg-conf@1.1.3
23 silly idealTree +-- portscanner@1.0.0
23 silly idealTree | `-- async@0.1.15
23 silly idealTree +-- preserve@0.2.0
23 silly idealTree +-- process-nextick-args@1.0.7
23 silly idealTree +-- promise@6.1.0
23 silly idealTree +-- pug-attrs@2.0.1
23 silly idealTree +-- pug-code-gen@0.0.7
23 silly idealTree | +-- acorn-globals@3.0.0
23 silly idealTree | +-- acorn@3.2.0
23 silly idealTree | `-- with@5.1.1
23 silly idealTree +-- pug-error@1.3.1
23 silly idealTree +-- pug-filters@1.2.2
23 silly idealTree | +-- asap@2.0.4
23 silly idealTree | +-- jstransformer@1.0.0
23 silly idealTree | `-- promise@7.1.1
23 silly idealTree +-- pug-lexer@2.0.2
23 silly idealTree | `-- character-parser@2.2.0
23 silly idealTree +-- pug-linker@1.0.0
23 silly idealTree +-- pug-load@2.0.0
23 silly idealTree +-- pug-parser@2.0.1
23 silly idealTree +-- pug-runtime@2.0.1
23 silly idealTree +-- pug-strip-comments@0.0.1
23 silly idealTree | `-- pug-error@0.0.0
23 silly idealTree +-- pug-walk@0.0.3
23 silly idealTree +-- pug@2.0.0-beta3
23 silly idealTree +-- qs@5.1.0
23 silly idealTree +-- randomatic@1.1.5
23 silly idealTree +-- range-parser@1.0.3
23 silly idealTree +-- raw-body@2.1.7
23 silly idealTree | `-- bytes@2.4.0
23 silly idealTree +-- read-pkg-up@1.0.1
23 silly idealTree +-- read-pkg@1.1.0
23 silly idealTree +-- readable-stream@2.1.4
23 silly idealTree +-- readdirp@2.1.0
23 silly idealTree +-- redent@1.0.0
23 silly idealTree +-- regex-cache@0.4.3
23 silly idealTree +-- repeat-element@1.1.2
23 silly idealTree +-- repeat-string@1.5.4
23 silly idealTree +-- repeating@2.0.1
23 silly idealTree +-- request@2.65.0
23 silly idealTree | `-- qs@5.2.0
23 silly idealTree +-- require-main-filename@1.0.1
23 silly idealTree +-- requires-port@1.0.0
23 silly idealTree +-- resolve@1.1.7
23 silly idealTree +-- resp-modifier@6.0.1
23 silly idealTree | `-- minimatch@2.0.10
23 silly idealTree +-- right-align@0.1.3
23 silly idealTree +-- rimraf@2.2.8
23 silly idealTree +-- rx@4.1.0
23 silly idealTree +-- semver@5.2.0
23 silly idealTree +-- send@0.13.2
23 silly idealTree | +-- mime@1.3.4
23 silly idealTree | `-- statuses@1.2.1
23 silly idealTree +-- serve-index@1.7.3
23 silly idealTree +-- serve-static@1.10.3
23 silly idealTree +-- server-destroy@1.0.1
23 silly idealTree +-- set-blocking@1.0.0
23 silly idealTree +-- set-immediate-shim@1.0.1
23 silly idealTree +-- signal-exit@3.0.0
23 silly idealTree +-- sntp@1.0.9
23 silly idealTree +-- socket.io-adapter@0.4.0
23 silly idealTree | +-- isarray@0.0.1
23 silly idealTree | `-- socket.io-parser@2.2.2
23 silly idealTree |   `-- debug@0.7.4
23 silly idealTree +-- socket.io-client@1.4.6
23 silly idealTree | `-- component-emitter@1.2.0
23 silly idealTree +-- socket.io-parser@2.2.6
23 silly idealTree | +-- isarray@0.0.1
23 silly idealTree | `-- json3@3.3.2
23 silly idealTree +-- socket.io@1.4.6
23 silly idealTree +-- source-map@0.4.4
23 silly idealTree +-- spdx-correct@1.0.2
23 silly idealTree +-- spdx-exceptions@1.0.4
23 silly idealTree +-- spdx-expression-parse@1.0.2
23 silly idealTree +-- spdx-license-ids@1.2.1
23 silly idealTree +-- sprintf-js@1.0.3
23 silly idealTree +-- statuses@1.3.0
23 silly idealTree +-- stream-throttle@0.1.3
23 silly idealTree +-- string_decoder@0.10.31
23 silly idealTree +-- string-width@1.0.1
23 silly idealTree +-- stringstream@0.0.5
23 silly idealTree +-- strip-ansi@3.0.1
23 silly idealTree +-- strip-bom@2.0.0
23 silly idealTree +-- strip-indent@1.0.1
23 silly idealTree +-- supports-color@2.0.0
23 silly idealTree +-- symbol@0.2.3
23 silly idealTree +-- tfunk@3.0.2
23 silly idealTree +-- tiny-lr@0.2.1
23 silly idealTree +-- to-array@0.1.4
23 silly idealTree +-- token-stream@0.0.1
23 silly idealTree +-- tough-cookie@2.2.2
23 silly idealTree +-- transformers@2.1.0
23 silly idealTree | +-- is-promise@1.0.1
23 silly idealTree | +-- promise@2.0.0
23 silly idealTree | +-- source-map@0.1.43
23 silly idealTree | `-- uglify-js@2.2.5
23 silly idealTree +-- trim-newlines@1.0.0
23 silly idealTree +-- tunnel-agent@0.4.3
23 silly idealTree +-- type-is@1.6.13
23 silly idealTree +-- ua-parser-js@0.7.10
23 silly idealTree +-- uglify-js@2.6.4
23 silly idealTree | +-- async@0.2.10
23 silly idealTree | `-- source-map@0.5.6
23 silly idealTree +-- uglify-to-browserify@1.0.2
23 silly idealTree +-- ultron@1.0.2
23 silly idealTree +-- underscore.string@3.2.3
23 silly idealTree +-- underscore@1.7.0
23 silly idealTree +-- unpipe@1.0.0
23 silly idealTree +-- utf8@2.1.0
23 silly idealTree +-- util-deprecate@1.0.2
23 silly idealTree +-- utils-merge@1.0.0
23 silly idealTree +-- validate-npm-package-license@3.0.1
23 silly idealTree +-- void-elements@2.0.1
23 silly idealTree +-- websocket-driver@0.6.5
23 silly idealTree +-- websocket-extensions@0.1.1
23 silly idealTree +-- weinre@2.0.0-pre-I0Z7U9OV
23 silly idealTree +-- which@1.2.10
23 silly idealTree +-- window-size@0.1.0
23 silly idealTree +-- with@4.0.3
23 silly idealTree | `-- acorn@1.2.2
23 silly idealTree +-- wordwrap@0.0.3
23 silly idealTree +-- wrap-ansi@2.0.0
23 silly idealTree +-- wrappy@1.0.2
23 silly idealTree +-- ws@1.0.1
23 silly idealTree +-- xmlhttprequest-ssl@1.5.1
23 silly idealTree +-- xtend@4.0.1
23 silly idealTree +-- y18n@3.2.1
23 silly idealTree +-- yargs-parser@2.4.0
23 silly idealTree +-- yargs@3.10.0
23 silly idealTree | `-- camelcase@1.2.1
23 silly idealTree `-- yeast@0.1.2
24 silly generateActionsToTake Starting
25 silly install generateActionsToTake
26 silly generateActionsToTake Finishing
27 silly diffTrees action count 1
28 silly diffTrees remove grunt-browser-sync@2.2.0
29 silly decomposeActions action count 1
30 silly decomposeActions remove grunt-browser-sync@2.2.0
31 silly executeActions Starting
32 silly install executeActions
33 silly doSerial global-install 0
34 silly doParallel fetch 0
35 verbose correctMkdir C:\Users\McCastle\AppData\Roaming\npm-cache\_locks correctMkdir not in flight; initializing
36 verbose lock using C:\Users\McCastle\AppData\Roaming\npm-cache\_locks\staging-fc7f84ddcf118c0c.lock for C:\Users\McCastle\Desktop\MEGA\Design\Websites\NewShower\node_modules\.staging
37 silly doParallel extract 0
38 silly doParallel preinstall 0
39 silly doReverseSerial remove 1
40 silly remove C:\Users\McCastle\Desktop\MEGA\Design\Websites\NewShower\node_modules\grunt-browser-sync
41 verbose unbuild node_modules\grunt-browser-sync
42 info lifecycle grunt-browser-sync@2.2.0~preuninstall: grunt-browser-sync@2.2.0
43 silly lifecycle grunt-browser-sync@2.2.0~preuninstall: no script for preuninstall, continuing
44 info lifecycle grunt-browser-sync@2.2.0~uninstall: grunt-browser-sync@2.2.0
45 silly lifecycle grunt-browser-sync@2.2.0~uninstall: no script for uninstall, continuing
46 verbose unbuild rmStuff grunt-browser-sync@2.2.0 from C:\Users\McCastle\Desktop\MEGA\Design\Websites\NewShower\node_modules
47 info lifecycle grunt-browser-sync@2.2.0~postuninstall: grunt-browser-sync@2.2.0
48 silly lifecycle grunt-browser-sync@2.2.0~postuninstall: no script for postuninstall, continuing
49 silly gentlyRm C:\Users\McCastle\Desktop\MEGA\Design\Websites\NewShower\node_modules\grunt-browser-sync is being purged from base C:\Users\McCastle\Desktop\MEGA\Design\Websites\NewShower
50 verbose gentlyRm don't care about contents; nuking C:\Users\McCastle\Desktop\MEGA\Design\Websites\NewShower\node_modules\grunt-browser-sync
51 silly vacuum-fs purging C:\Users\McCastle\Desktop\MEGA\Design\Websites\NewShower\node_modules\grunt-browser-sync
52 verbose unlock done using C:\Users\McCastle\AppData\Roaming\npm-cache\_locks\staging-fc7f84ddcf118c0c.lock for C:\Users\McCastle\Desktop\MEGA\Design\Websites\NewShower\node_modules\.staging
53 silly rollbackFailedOptional Starting
54 silly rollbackFailedOptional Finishing
55 silly runTopLevelLifecycles Starting
56 silly runTopLevelLifecycles Finishing
57 silly install printInstalled
58 warn enoent ENOENT: no such file or directory, open 'C:\Users\McCastle\Desktop\MEGA\Design\Websites\NewShower\node_modules\lru-cache\package.json'
59 warn showersite@1.0.0 No description
60 warn showersite@1.0.0 No repository field.
61 verbose stack Error: EPERM: operation not permitted, unlink 'C:\Users\McCastle\Desktop\MEGA\Design\Websites\NewShower\node_modules\grunt-browser-sync\tasks'
61 verbose stack     at Error (native)
62 verbose cwd C:\Users\McCastle\Desktop\MEGA\Design\Websites\NewShower
63 error Windows_NT 10.0.10586
64 error argv "C:\\Program Files\\nodejs\\node.exe" "C:\\Program Files\\nodejs\\node_modules\\npm\\bin\\npm-cli.js" "uninstall" "grunt-browser-sync" "--save-dev"
65 error node v5.10.1
66 error npm  v3.8.3
67 error path C:\Users\McCastle\Desktop\MEGA\Design\Websites\NewShower\node_modules\grunt-browser-sync\tasks
68 error code EPERM
69 error errno -4048
70 error syscall unlink
71 error Error: EPERM: operation not permitted, unlink 'C:\Users\McCastle\Desktop\MEGA\Design\Websites\NewShower\node_modules\grunt-browser-sync\tasks'
71 error     at Error (native)
71 error  { [Error: EPERM: operation not permitted, unlink 'C:\Users\McCastle\Desktop\MEGA\Design\Websites\NewShower\node_modules\grunt-browser-sync\tasks']
71 error   errno: -4048,
71 error   code: 'EPERM',
71 error   syscall: 'unlink',
71 error   path: 'C:\\Users\\McCastle\\Desktop\\MEGA\\Design\\Websites\\NewShower\\node_modules\\grunt-browser-sync\\tasks',
71 error   parent: 'showersite' }
72 error Please try running this command again as root/Administrator.
73 verbose exit [ -4048, true ]
